<?xml version="1.0" encoding="UTF-8" ?>
<testsuite failures="0" time="2.013" errors="0" skipped="0" tests="4" name="com.cisco.assignment.vendor.helper.DBSupportHelperTest">
  <properties>
[...]
</properties>
  <testcase time="0" classname="com.cisco.assignment.vendor.helper.DBSupportHelperTest" name="testGetOderTypes"/>
  <testcase time="0.01" classname="com.cisco.assignment.vendor.helper.DBSupportHelperTest" name="testGetVendors"/>
  <testcase time="0.03" classname="com.cisco.assignment.vendor.helper.DBSupportHelperTest" name="testAddOrUpdateVendorObjRecord"/>
  <testcase time="0" classname="com.cisco.assignment.vendor.helper.DBSupportHelperTest" name="testGetVendor"/>
</testsuite>